<?xml version="1.0" encoding="UTF-8"?>
<!-- Generated by org.testng.reporters.JUnitReportReporter -->
<testsuite skipped="0" hostname="DESKTOP-OCRL9QN" name="com.sa.happytrip.pages.FlightPage" tests="1" failures="0" timestamp="2020-07-03T15:05:51 IST" time="17.435" errors="0">
  <testcase name="invalidFieldsVerify" time="17.435" classname="com.sa.happytrip.pages.FlightPage"/>
  <system-out/>
</testsuite> <!-- com.sa.happytrip.pages.FlightPage -->
